0 info it worked if it ends with ok
1 verbose cli [ '/usr/local/bin/node', '/usr/local/bin/npm', 'start' ]
2 info using npm@3.10.3
3 info using node@v8.2.1
4 verbose run-script [ 'prestart', 'start', 'poststart' ]
5 info lifecycle threeman@0.0.1~prestart: threeman@0.0.1
6 silly lifecycle threeman@0.0.1~prestart: no script for prestart, continuing
7 info lifecycle threeman@0.0.1~start: threeman@0.0.1
8 verbose lifecycle threeman@0.0.1~start: unsafe-perm in lifecycle true
9 verbose lifecycle threeman@0.0.1~start: PATH: /usr/local/lib/node_modules/npm/bin/node-gyp-bin:/Users/Ninico/threeman/node_modules/.bin:/usr/local/bin:/platform-tools:/Users/Ninico/Library/Android/sdk/tools:/usr/bin:/bin:/usr/sbin:/sbin:/usr/local/bin:/usr/X11/bin:/Library/Java/JavaVirtualMachines/jdk1.8.0_77.jdk/Contents/Home/bin:/usr/local/apache-maven-3.5.0/bin
10 verbose lifecycle threeman@0.0.1~start: CWD: /Users/Ninico/threeman
11 silly lifecycle threeman@0.0.1~start: Args: [ '-c', 'node server.js' ]
12 silly lifecycle threeman@0.0.1~start: Returned: code: 1  signal: null
13 info lifecycle threeman@0.0.1~start: Failed to exec start script
14 verbose stack Error: threeman@0.0.1 start: `node server.js`
14 verbose stack Exit status 1
14 verbose stack     at EventEmitter.<anonymous> (/usr/local/lib/node_modules/npm/lib/utils/lifecycle.js:242:16)
14 verbose stack     at emitTwo (events.js:125:13)
14 verbose stack     at EventEmitter.emit (events.js:213:7)
14 verbose stack     at ChildProcess.<anonymous> (/usr/local/lib/node_modules/npm/lib/utils/spawn.js:40:14)
14 verbose stack     at emitTwo (events.js:125:13)
14 verbose stack     at ChildProcess.emit (events.js:213:7)
14 verbose stack     at maybeClose (internal/child_process.js:921:16)
14 verbose stack     at Process.ChildProcess._handle.onexit (internal/child_process.js:211:5)
15 verbose pkgid threeman@0.0.1
16 verbose cwd /Users/Ninico/threeman
17 error Darwin 16.7.0
18 error argv "/usr/local/bin/node" "/usr/local/bin/npm" "start"
19 error node v8.2.1
20 error npm  v3.10.3
21 error code ELIFECYCLE
22 error threeman@0.0.1 start: `node server.js`
22 error Exit status 1
23 error Failed at the threeman@0.0.1 start script 'node server.js'.
23 error Make sure you have the latest version of node.js and npm installed.
23 error If you do, this is most likely a problem with the threeman package,
23 error not with npm itself.
23 error Tell the author that this fails on your system:
23 error     node server.js
23 error You can get information on how to open an issue for this project with:
23 error     npm bugs threeman
23 error Or if that isn't available, you can get their info via:
23 error     npm owner ls threeman
23 error There is likely additional logging output above.
24 verbose exit [ 1, true ]
